2026-06-14 22:53:59,935 [INFO] All packages imported successfully
2026-06-14 22:53:59,935 [INFO] Setting up Qdrant...
2026-06-14 22:54:00,113 [INFO] Created Qdrant collection
2026-06-14 22:54:00,113 [INFO] Loading embedding model (all-MiniLM-L6-v2)...
2026-06-14 22:54:00,128 [INFO] No device provided, using cpu
2026-06-14 22:54:02,306 [INFO] HTTP Request: HEAD https://huggingface.co/sentence-transformers/all-MiniLM-L6-v2/resolve/main/modules.json "HTTP/1.1 307 Temporary Redirect"
2026-06-14 22:54:02,616 [INFO] HTTP Request: HEAD https://huggingface.co/api/resolve-cache/models/sentence-transformers/all-MiniLM-L6-v2/1110a243fdf4706b3f48f1d95db1a4f5529b4d41/modules.json "HTTP/1.1 200 OK"
2026-06-14 22:54:03,222 [INFO] HTTP Request: HEAD https://huggingface.co/sentence-transformers/all-MiniLM-L6-v2/resolve/main/config_sentence_transformers.json "HTTP/1.1 307 Temporary Redirect"
2026-06-14 22:54:03,529 [INFO] HTTP Request: HEAD https://huggingface.co/api/resolve-cache/models/sentence-transformers/all-MiniLM-L6-v2/1110a243fdf4706b3f48f1d95db1a4f5529b4d41/config_sentence_transformers.json "HTTP/1.1 200 OK"
2026-06-14 22:54:03,529 [INFO] Loading SentenceTransformer model from sentence-transformers/all-MiniLM-L6-v2.
2026-06-14 22:54:04,138 [INFO] HTTP Request: HEAD https://huggingface.co/sentence-transformers/all-MiniLM-L6-v2/resolve/main/config_sentence_transformers.json "HTTP/1.1 307 Temporary Redirect"
2026-06-14 22:54:04,139 [WARNING] Warning: You are sending unauthenticated requests to the HF Hub. Please set a HF_TOKEN to enable higher rate limits and faster downloads.
2026-06-14 22:54:04,440 [INFO] HTTP Request: HEAD https://huggingface.co/api/resolve-cache/models/sentence-transformers/all-MiniLM-L6-v2/1110a243fdf4706b3f48f1d95db1a4f5529b4d41/config_sentence_transformers.json "HTTP/1.1 200 OK"
2026-06-14 22:54:04,783 [INFO] HTTP Request: HEAD https://huggingface.co/sentence-transformers/all-MiniLM-L6-v2/resolve/main/README.md "HTTP/1.1 307 Temporary Redirect"
2026-06-14 22:54:05,085 [INFO] HTTP Request: HEAD https://huggingface.co/api/resolve-cache/models/sentence-transformers/all-MiniLM-L6-v2/1110a243fdf4706b3f48f1d95db1a4f5529b4d41/README.md "HTTP/1.1 200 OK"
2026-06-14 22:54:05,439 [INFO] HTTP Request: HEAD https://huggingface.co/sentence-transformers/all-MiniLM-L6-v2/resolve/main/modules.json "HTTP/1.1 307 Temporary Redirect"
2026-06-14 22:54:05,740 [INFO] HTTP Request: HEAD https://huggingface.co/api/resolve-cache/models/sentence-transformers/all-MiniLM-L6-v2/1110a243fdf4706b3f48f1d95db1a4f5529b4d41/modules.json "HTTP/1.1 200 OK"
2026-06-14 22:54:06,085 [INFO] HTTP Request: HEAD https://huggingface.co/sentence-transformers/all-MiniLM-L6-v2/resolve/main/sentence_bert_config.json "HTTP/1.1 307 Temporary Redirect"
2026-06-14 22:54:06,391 [INFO] HTTP Request: HEAD https://huggingface.co/api/resolve-cache/models/sentence-transformers/all-MiniLM-L6-v2/1110a243fdf4706b3f48f1d95db1a4f5529b4d41/sentence_bert_config.json "HTTP/1.1 200 OK"
2026-06-14 22:54:06,735 [INFO] HTTP Request: HEAD https://huggingface.co/sentence-transformers/all-MiniLM-L6-v2/resolve/main/adapter_config.json "HTTP/1.1 404 Not Found"
2026-06-14 22:54:07,082 [INFO] HTTP Request: HEAD https://huggingface.co/sentence-transformers/all-MiniLM-L6-v2/resolve/main/config.json "HTTP/1.1 307 Temporary Redirect"
2026-06-14 22:54:07,383 [INFO] HTTP Request: HEAD https://huggingface.co/api/resolve-cache/models/sentence-transformers/all-MiniLM-L6-v2/1110a243fdf4706b3f48f1d95db1a4f5529b4d41/config.json "HTTP/1.1 200 OK"
2026-06-14 22:54:07,947 [INFO] HTTP Request: HEAD https://huggingface.co/sentence-transformers/all-MiniLM-L6-v2/resolve/main/processor_config.json "HTTP/1.1 404 Not Found"
2026-06-14 22:54:08,291 [INFO] HTTP Request: HEAD https://huggingface.co/sentence-transformers/all-MiniLM-L6-v2/resolve/main/preprocessor_config.json "HTTP/1.1 404 Not Found"
2026-06-14 22:54:08,636 [INFO] HTTP Request: HEAD https://huggingface.co/sentence-transformers/all-MiniLM-L6-v2/resolve/main/video_preprocessor_config.json "HTTP/1.1 404 Not Found"
2026-06-14 22:54:08,984 [INFO] HTTP Request: HEAD https://huggingface.co/sentence-transformers/all-MiniLM-L6-v2/resolve/main/preprocessor_config.json "HTTP/1.1 404 Not Found"
2026-06-14 22:54:09,329 [INFO] HTTP Request: HEAD https://huggingface.co/sentence-transformers/all-MiniLM-L6-v2/resolve/main/tokenizer_config.json "HTTP/1.1 307 Temporary Redirect"
2026-06-14 22:54:09,630 [INFO] HTTP Request: HEAD https://huggingface.co/api/resolve-cache/models/sentence-transformers/all-MiniLM-L6-v2/1110a243fdf4706b3f48f1d95db1a4f5529b4d41/tokenizer_config.json "HTTP/1.1 200 OK"
2026-06-14 22:54:09,975 [INFO] HTTP Request: HEAD https://huggingface.co/sentence-transformers/all-MiniLM-L6-v2/resolve/main/config.json "HTTP/1.1 307 Temporary Redirect"
2026-06-14 22:54:10,282 [INFO] HTTP Request: HEAD https://huggingface.co/api/resolve-cache/models/sentence-transformers/all-MiniLM-L6-v2/1110a243fdf4706b3f48f1d95db1a4f5529b4d41/config.json "HTTP/1.1 200 OK"
2026-06-14 22:54:10,630 [INFO] HTTP Request: HEAD https://huggingface.co/sentence-transformers/all-MiniLM-L6-v2/resolve/main/config.json "HTTP/1.1 307 Temporary Redirect"
2026-06-14 22:54:10,931 [INFO] HTTP Request: HEAD https://huggingface.co/api/resolve-cache/models/sentence-transformers/all-MiniLM-L6-v2/1110a243fdf4706b3f48f1d95db1a4f5529b4d41/config.json "HTTP/1.1 200 OK"
2026-06-14 22:54:11,280 [INFO] HTTP Request: HEAD https://huggingface.co/sentence-transformers/all-MiniLM-L6-v2/resolve/main/tokenizer_config.json "HTTP/1.1 307 Temporary Redirect"
2026-06-14 22:54:11,582 [INFO] HTTP Request: HEAD https://huggingface.co/api/resolve-cache/models/sentence-transformers/all-MiniLM-L6-v2/1110a243fdf4706b3f48f1d95db1a4f5529b4d41/tokenizer_config.json "HTTP/1.1 200 OK"
2026-06-14 22:54:11,949 [INFO] HTTP Request: GET https://huggingface.co/api/models/sentence-transformers/all-MiniLM-L6-v2/tree/main/additional_chat_templates?recursive=false&expand=false "HTTP/1.1 404 Not Found"
2026-06-14 22:54:12,307 [INFO] HTTP Request: GET https://huggingface.co/api/models/sentence-transformers/all-MiniLM-L6-v2/tree/main?recursive=true&expand=false "HTTP/1.1 200 OK"
2026-06-14 22:54:12,708 [INFO] HTTP Request: HEAD https://huggingface.co/sentence-transformers/all-MiniLM-L6-v2/resolve/main/1_Pooling/config.json "HTTP/1.1 307 Temporary Redirect"
2026-06-14 22:54:13,010 [INFO] HTTP Request: HEAD https://huggingface.co/api/resolve-cache/models/sentence-transformers/all-MiniLM-L6-v2/1110a243fdf4706b3f48f1d95db1a4f5529b4d41/1_Pooling%2Fconfig.json "HTTP/1.1 200 OK"
2026-06-14 22:54:13,352 [INFO] HTTP Request: GET https://huggingface.co/api/models/sentence-transformers/all-MiniLM-L6-v2 "HTTP/1.1 200 OK"
2026-06-14 22:54:13,614 [INFO] No documents in Qdrant – BM25 index empty
2026-06-14 22:54:13,622 [INFO] Loading cross-encoder (this may download ~200MB on first run)...
2026-06-14 22:54:13,622 [INFO] No device provided, using cpu
2026-06-14 22:54:13,970 [INFO] HTTP Request: HEAD https://huggingface.co/cross-encoder/ms-marco-MiniLM-L-6-v2/resolve/main/modules.json "HTTP/1.1 307 Temporary Redirect"
2026-06-14 22:54:14,314 [INFO] HTTP Request: HEAD https://huggingface.co/cross-encoder/ms-marco-MiniLM-L6-v2/resolve/main/modules.json "HTTP/1.1 404 Not Found"
2026-06-14 22:54:14,314 [INFO] No modules.json found for cross-encoder/ms-marco-MiniLM-L-6-v2, initializing a new CrossEncoder model.
2026-06-14 22:54:14,662 [INFO] HTTP Request: GET https://huggingface.co/api/models/cross-encoder/ms-marco-MiniLM-L-6-v2 "HTTP/1.1 307 Temporary Redirect"
2026-06-14 22:54:15,014 [INFO] HTTP Request: GET https://huggingface.co/api/models/cross-encoder/ms-marco-MiniLM-L6-v2 "HTTP/1.1 200 OK"
2026-06-14 22:54:15,477 [INFO] HTTP Request: HEAD https://huggingface.co/cross-encoder/ms-marco-MiniLM-L-6-v2/resolve/main/config.json "HTTP/1.1 307 Temporary Redirect"
2026-06-14 22:54:15,814 [INFO] HTTP Request: HEAD https://huggingface.co/cross-encoder/ms-marco-MiniLM-L6-v2/resolve/main/config.json "HTTP/1.1 307 Temporary Redirect"
2026-06-14 22:54:16,124 [INFO] HTTP Request: HEAD https://huggingface.co/api/resolve-cache/models/cross-encoder/ms-marco-MiniLM-L6-v2/c5ee24cb16019beea0893ab7796b1df96625c6b8/config.json "HTTP/1.1 200 OK"
2026-06-14 22:54:16,481 [INFO] HTTP Request: HEAD https://huggingface.co/cross-encoder/ms-marco-MiniLM-L-6-v2/resolve/main/adapter_config.json "HTTP/1.1 307 Temporary Redirect"
2026-06-14 22:54:16,823 [INFO] HTTP Request: HEAD https://huggingface.co/cross-encoder/ms-marco-MiniLM-L6-v2/resolve/main/adapter_config.json "HTTP/1.1 404 Not Found"
2026-06-14 22:54:17,171 [INFO] HTTP Request: HEAD https://huggingface.co/cross-encoder/ms-marco-MiniLM-L-6-v2/resolve/main/config.json "HTTP/1.1 307 Temporary Redirect"
2026-06-14 22:54:17,509 [INFO] HTTP Request: HEAD https://huggingface.co/cross-encoder/ms-marco-MiniLM-L6-v2/resolve/main/config.json "HTTP/1.1 307 Temporary Redirect"
2026-06-14 22:54:17,814 [INFO] HTTP Request: HEAD https://huggingface.co/api/resolve-cache/models/cross-encoder/ms-marco-MiniLM-L6-v2/c5ee24cb16019beea0893ab7796b1df96625c6b8/config.json "HTTP/1.1 200 OK"
2026-06-14 22:54:18,241 [INFO] HTTP Request: HEAD https://huggingface.co/cross-encoder/ms-marco-MiniLM-L-6-v2/resolve/main/processor_config.json "HTTP/1.1 307 Temporary Redirect"
2026-06-14 22:54:18,583 [INFO] HTTP Request: HEAD https://huggingface.co/cross-encoder/ms-marco-MiniLM-L6-v2/resolve/main/processor_config.json "HTTP/1.1 404 Not Found"
2026-06-14 22:54:18,928 [INFO] HTTP Request: HEAD https://huggingface.co/cross-encoder/ms-marco-MiniLM-L-6-v2/resolve/main/preprocessor_config.json "HTTP/1.1 307 Temporary Redirect"
2026-06-14 22:54:19,270 [INFO] HTTP Request: HEAD https://huggingface.co/cross-encoder/ms-marco-MiniLM-L6-v2/resolve/main/preprocessor_config.json "HTTP/1.1 404 Not Found"
2026-06-14 22:54:19,616 [INFO] HTTP Request: HEAD https://huggingface.co/cross-encoder/ms-marco-MiniLM-L-6-v2/resolve/main/video_preprocessor_config.json "HTTP/1.1 307 Temporary Redirect"
2026-06-14 22:54:19,971 [INFO] HTTP Request: HEAD https://huggingface.co/cross-encoder/ms-marco-MiniLM-L6-v2/resolve/main/video_preprocessor_config.json "HTTP/1.1 404 Not Found"
2026-06-14 22:54:20,318 [INFO] HTTP Request: HEAD https://huggingface.co/cross-encoder/ms-marco-MiniLM-L-6-v2/resolve/main/preprocessor_config.json "HTTP/1.1 307 Temporary Redirect"
2026-06-14 22:54:20,664 [INFO] HTTP Request: HEAD https://huggingface.co/cross-encoder/ms-marco-MiniLM-L6-v2/resolve/main/preprocessor_config.json "HTTP/1.1 404 Not Found"
2026-06-14 22:54:21,011 [INFO] HTTP Request: HEAD https://huggingface.co/cross-encoder/ms-marco-MiniLM-L-6-v2/resolve/main/tokenizer_config.json "HTTP/1.1 307 Temporary Redirect"
2026-06-14 22:54:21,354 [INFO] HTTP Request: HEAD https://huggingface.co/cross-encoder/ms-marco-MiniLM-L6-v2/resolve/main/tokenizer_config.json "HTTP/1.1 307 Temporary Redirect"
2026-06-14 22:54:21,656 [INFO] HTTP Request: HEAD https://huggingface.co/api/resolve-cache/models/cross-encoder/ms-marco-MiniLM-L6-v2/c5ee24cb16019beea0893ab7796b1df96625c6b8/tokenizer_config.json "HTTP/1.1 200 OK"
2026-06-14 22:54:22,002 [INFO] HTTP Request: HEAD https://huggingface.co/cross-encoder/ms-marco-MiniLM-L-6-v2/resolve/main/config.json "HTTP/1.1 307 Temporary Redirect"
2026-06-14 22:54:22,640 [INFO] HTTP Request: HEAD https://huggingface.co/cross-encoder/ms-marco-MiniLM-L6-v2/resolve/main/config.json "HTTP/1.1 307 Temporary Redirect"
2026-06-14 22:54:22,946 [INFO] HTTP Request: HEAD https://huggingface.co/api/resolve-cache/models/cross-encoder/ms-marco-MiniLM-L6-v2/c5ee24cb16019beea0893ab7796b1df96625c6b8/config.json "HTTP/1.1 200 OK"
2026-06-14 22:54:23,297 [INFO] HTTP Request: HEAD https://huggingface.co/cross-encoder/ms-marco-MiniLM-L-6-v2/resolve/main/config.json "HTTP/1.1 307 Temporary Redirect"
2026-06-14 22:54:24,145 [INFO] HTTP Request: HEAD https://huggingface.co/cross-encoder/ms-marco-MiniLM-L6-v2/resolve/main/config.json "HTTP/1.1 307 Temporary Redirect"
2026-06-14 22:54:24,446 [INFO] HTTP Request: HEAD https://huggingface.co/api/resolve-cache/models/cross-encoder/ms-marco-MiniLM-L6-v2/c5ee24cb16019beea0893ab7796b1df96625c6b8/config.json "HTTP/1.1 200 OK"
2026-06-14 22:54:24,791 [INFO] HTTP Request: HEAD https://huggingface.co/cross-encoder/ms-marco-MiniLM-L-6-v2/resolve/main/tokenizer_config.json "HTTP/1.1 307 Temporary Redirect"
2026-06-14 22:54:25,133 [INFO] HTTP Request: HEAD https://huggingface.co/cross-encoder/ms-marco-MiniLM-L6-v2/resolve/main/tokenizer_config.json "HTTP/1.1 307 Temporary Redirect"
2026-06-14 22:54:25,434 [INFO] HTTP Request: HEAD https://huggingface.co/api/resolve-cache/models/cross-encoder/ms-marco-MiniLM-L6-v2/c5ee24cb16019beea0893ab7796b1df96625c6b8/tokenizer_config.json "HTTP/1.1 200 OK"
2026-06-14 22:54:25,779 [INFO] HTTP Request: GET https://huggingface.co/api/models/cross-encoder/ms-marco-MiniLM-L-6-v2/tree/main/additional_chat_templates?recursive=false&expand=false "HTTP/1.1 307 Temporary Redirect"
2026-06-14 22:54:26,122 [INFO] HTTP Request: GET https://huggingface.co/api/models/cross-encoder/ms-marco-MiniLM-L6-v2/tree/main/additional_chat_templates?recursive=false&expand=false "HTTP/1.1 404 Not Found"
2026-06-14 22:54:26,463 [INFO] HTTP Request: GET https://huggingface.co/api/models/cross-encoder/ms-marco-MiniLM-L-6-v2/tree/main?recursive=true&expand=false "HTTP/1.1 307 Temporary Redirect"
2026-06-14 22:54:26,816 [INFO] HTTP Request: GET https://huggingface.co/api/models/cross-encoder/ms-marco-MiniLM-L6-v2/tree/main?recursive=true&expand=false "HTTP/1.1 200 OK"
2026-06-14 22:54:27,061 [INFO] Starting server on http://127.0.0.1:8002
2026-06-14 22:55:21,075 [INFO] HTTP Request: POST http://127.0.0.1:11434/api/chat "HTTP/1.1 200 OK"
2026-06-14 22:55:32,770 [INFO] HTTP Request: POST http://127.0.0.1:11434/api/chat "HTTP/1.1 200 OK"
2026-06-14 22:55:48,306 [INFO] HTTP Request: POST http://127.0.0.1:11434/api/chat "HTTP/1.1 200 OK"
2026-06-14 22:59:40,723 [INFO] All packages imported successfully
2026-06-14 22:59:40,723 [INFO] Setting up Qdrant...
2026-06-14 23:01:03,518 [INFO] All packages imported successfully
2026-06-14 23:01:03,520 [INFO] Setting up Qdrant...
2026-06-14 23:01:03,578 [INFO] Loading embedding model (all-MiniLM-L6-v2)...
2026-06-14 23:01:03,584 [INFO] No device provided, using cpu
2026-06-14 23:01:06,061 [INFO] HTTP Request: HEAD https://huggingface.co/sentence-transformers/all-MiniLM-L6-v2/resolve/main/modules.json "HTTP/1.1 307 Temporary Redirect"
2026-06-14 23:01:06,061 [WARNING] Warning: You are sending unauthenticated requests to the HF Hub. Please set a HF_TOKEN to enable higher rate limits and faster downloads.
2026-06-14 23:01:06,365 [INFO] HTTP Request: HEAD https://huggingface.co/api/resolve-cache/models/sentence-transformers/all-MiniLM-L6-v2/1110a243fdf4706b3f48f1d95db1a4f5529b4d41/modules.json "HTTP/1.1 200 OK"
2026-06-14 23:01:06,686 [INFO] HTTP Request: HEAD https://huggingface.co/sentence-transformers/all-MiniLM-L6-v2/resolve/main/config_sentence_transformers.json "HTTP/1.1 307 Temporary Redirect"
2026-06-14 23:01:06,970 [INFO] HTTP Request: HEAD https://huggingface.co/api/resolve-cache/models/sentence-transformers/all-MiniLM-L6-v2/1110a243fdf4706b3f48f1d95db1a4f5529b4d41/config_sentence_transformers.json "HTTP/1.1 200 OK"
2026-06-14 23:01:06,972 [INFO] Loading SentenceTransformer model from sentence-transformers/all-MiniLM-L6-v2.
2026-06-14 23:01:07,301 [INFO] HTTP Request: HEAD https://huggingface.co/sentence-transformers/all-MiniLM-L6-v2/resolve/main/config_sentence_transformers.json "HTTP/1.1 307 Temporary Redirect"
2026-06-14 23:01:07,590 [INFO] HTTP Request: HEAD https://huggingface.co/api/resolve-cache/models/sentence-transformers/all-MiniLM-L6-v2/1110a243fdf4706b3f48f1d95db1a4f5529b4d41/config_sentence_transformers.json "HTTP/1.1 200 OK"
2026-06-14 23:01:08,344 [INFO] HTTP Request: HEAD https://huggingface.co/sentence-transformers/all-MiniLM-L6-v2/resolve/main/README.md "HTTP/1.1 307 Temporary Redirect"
2026-06-14 23:01:08,621 [INFO] HTTP Request: HEAD https://huggingface.co/api/resolve-cache/models/sentence-transformers/all-MiniLM-L6-v2/1110a243fdf4706b3f48f1d95db1a4f5529b4d41/README.md "HTTP/1.1 200 OK"
2026-06-14 23:01:08,949 [INFO] HTTP Request: HEAD https://huggingface.co/sentence-transformers/all-MiniLM-L6-v2/resolve/main/modules.json "HTTP/1.1 307 Temporary Redirect"
2026-06-14 23:01:09,232 [INFO] HTTP Request: HEAD https://huggingface.co/api/resolve-cache/models/sentence-transformers/all-MiniLM-L6-v2/1110a243fdf4706b3f48f1d95db1a4f5529b4d41/modules.json "HTTP/1.1 200 OK"
2026-06-14 23:01:10,068 [INFO] HTTP Request: HEAD https://huggingface.co/sentence-transformers/all-MiniLM-L6-v2/resolve/main/sentence_bert_config.json "HTTP/1.1 307 Temporary Redirect"
2026-06-14 23:01:10,356 [INFO] HTTP Request: HEAD https://huggingface.co/api/resolve-cache/models/sentence-transformers/all-MiniLM-L6-v2/1110a243fdf4706b3f48f1d95db1a4f5529b4d41/sentence_bert_config.json "HTTP/1.1 200 OK"
2026-06-14 23:01:10,677 [INFO] HTTP Request: HEAD https://huggingface.co/sentence-transformers/all-MiniLM-L6-v2/resolve/main/adapter_config.json "HTTP/1.1 404 Not Found"
2026-06-14 23:01:11,011 [INFO] HTTP Request: HEAD https://huggingface.co/sentence-transformers/all-MiniLM-L6-v2/resolve/main/config.json "HTTP/1.1 307 Temporary Redirect"
2026-06-14 23:01:11,293 [INFO] HTTP Request: HEAD https://huggingface.co/api/resolve-cache/models/sentence-transformers/all-MiniLM-L6-v2/1110a243fdf4706b3f48f1d95db1a4f5529b4d41/config.json "HTTP/1.1 200 OK"
2026-06-14 23:01:11,937 [INFO] HTTP Request: HEAD https://huggingface.co/sentence-transformers/all-MiniLM-L6-v2/resolve/main/processor_config.json "HTTP/1.1 404 Not Found"
2026-06-14 23:01:12,264 [INFO] HTTP Request: HEAD https://huggingface.co/sentence-transformers/all-MiniLM-L6-v2/resolve/main/preprocessor_config.json "HTTP/1.1 404 Not Found"
2026-06-14 23:01:14,048 [INFO] HTTP Request: HEAD https://huggingface.co/sentence-transformers/all-MiniLM-L6-v2/resolve/main/video_preprocessor_config.json "HTTP/1.1 404 Not Found"
2026-06-14 23:01:14,543 [INFO] HTTP Request: HEAD https://huggingface.co/sentence-transformers/all-MiniLM-L6-v2/resolve/main/preprocessor_config.json "HTTP/1.1 404 Not Found"
2026-06-14 23:01:14,881 [INFO] HTTP Request: HEAD https://huggingface.co/sentence-transformers/all-MiniLM-L6-v2/resolve/main/tokenizer_config.json "HTTP/1.1 307 Temporary Redirect"
2026-06-14 23:01:15,172 [INFO] HTTP Request: HEAD https://huggingface.co/api/resolve-cache/models/sentence-transformers/all-MiniLM-L6-v2/1110a243fdf4706b3f48f1d95db1a4f5529b4d41/tokenizer_config.json "HTTP/1.1 200 OK"
2026-06-14 23:01:15,498 [INFO] HTTP Request: HEAD https://huggingface.co/sentence-transformers/all-MiniLM-L6-v2/resolve/main/config.json "HTTP/1.1 307 Temporary Redirect"
2026-06-14 23:01:15,785 [INFO] HTTP Request: HEAD https://huggingface.co/api/resolve-cache/models/sentence-transformers/all-MiniLM-L6-v2/1110a243fdf4706b3f48f1d95db1a4f5529b4d41/config.json "HTTP/1.1 200 OK"
2026-06-14 23:01:16,118 [INFO] HTTP Request: HEAD https://huggingface.co/sentence-transformers/all-MiniLM-L6-v2/resolve/main/config.json "HTTP/1.1 307 Temporary Redirect"
2026-06-14 23:01:17,642 [INFO] HTTP Request: HEAD https://huggingface.co/api/resolve-cache/models/sentence-transformers/all-MiniLM-L6-v2/1110a243fdf4706b3f48f1d95db1a4f5529b4d41/config.json "HTTP/1.1 200 OK"
2026-06-14 23:01:18,444 [INFO] HTTP Request: HEAD https://huggingface.co/sentence-transformers/all-MiniLM-L6-v2/resolve/main/tokenizer_config.json "HTTP/1.1 307 Temporary Redirect"
2026-06-14 23:01:20,867 [INFO] HTTP Request: HEAD https://huggingface.co/api/resolve-cache/models/sentence-transformers/all-MiniLM-L6-v2/1110a243fdf4706b3f48f1d95db1a4f5529b4d41/tokenizer_config.json "HTTP/1.1 200 OK"
2026-06-14 23:01:21,500 [INFO] HTTP Request: GET https://huggingface.co/api/models/sentence-transformers/all-MiniLM-L6-v2/tree/main/additional_chat_templates?recursive=false&expand=false "HTTP/1.1 404 Not Found"
2026-06-14 23:01:21,836 [INFO] HTTP Request: GET https://huggingface.co/api/models/sentence-transformers/all-MiniLM-L6-v2/tree/main?recursive=true&expand=false "HTTP/1.1 200 OK"
2026-06-14 23:01:22,997 [INFO] HTTP Request: HEAD https://huggingface.co/sentence-transformers/all-MiniLM-L6-v2/resolve/main/1_Pooling/config.json "HTTP/1.1 307 Temporary Redirect"
2026-06-14 23:01:23,563 [INFO] HTTP Request: HEAD https://huggingface.co/api/resolve-cache/models/sentence-transformers/all-MiniLM-L6-v2/1110a243fdf4706b3f48f1d95db1a4f5529b4d41/1_Pooling%2Fconfig.json "HTTP/1.1 200 OK"
2026-06-14 23:01:24,442 [INFO] HTTP Request: GET https://huggingface.co/api/models/sentence-transformers/all-MiniLM-L6-v2 "HTTP/1.1 200 OK"
2026-06-14 23:01:24,446 [INFO] No documents in Qdrant – BM25 index empty
2026-06-14 23:01:24,446 [INFO] Loading cross-encoder (this may download ~200MB on first run)...
2026-06-14 23:01:24,450 [INFO] No device provided, using cpu
2026-06-14 23:01:24,768 [INFO] HTTP Request: HEAD https://huggingface.co/cross-encoder/ms-marco-MiniLM-L-6-v2/resolve/main/modules.json "HTTP/1.1 307 Temporary Redirect"
2026-06-14 23:01:25,082 [INFO] HTTP Request: HEAD https://huggingface.co/cross-encoder/ms-marco-MiniLM-L6-v2/resolve/main/modules.json "HTTP/1.1 404 Not Found"
2026-06-14 23:01:25,087 [INFO] No modules.json found for cross-encoder/ms-marco-MiniLM-L-6-v2, initializing a new CrossEncoder model.
2026-06-14 23:01:25,425 [INFO] HTTP Request: GET https://huggingface.co/api/models/cross-encoder/ms-marco-MiniLM-L-6-v2 "HTTP/1.1 307 Temporary Redirect"
2026-06-14 23:01:25,766 [INFO] HTTP Request: GET https://huggingface.co/api/models/cross-encoder/ms-marco-MiniLM-L6-v2 "HTTP/1.1 200 OK"
2026-06-14 23:01:26,078 [INFO] HTTP Request: HEAD https://huggingface.co/cross-encoder/ms-marco-MiniLM-L-6-v2/resolve/main/config.json "HTTP/1.1 307 Temporary Redirect"
2026-06-14 23:01:26,404 [INFO] HTTP Request: HEAD https://huggingface.co/cross-encoder/ms-marco-MiniLM-L6-v2/resolve/main/config.json "HTTP/1.1 307 Temporary Redirect"
2026-06-14 23:01:26,691 [INFO] HTTP Request: HEAD https://huggingface.co/api/resolve-cache/models/cross-encoder/ms-marco-MiniLM-L6-v2/c5ee24cb16019beea0893ab7796b1df96625c6b8/config.json "HTTP/1.1 200 OK"
2026-06-14 23:01:27,025 [INFO] HTTP Request: HEAD https://huggingface.co/cross-encoder/ms-marco-MiniLM-L-6-v2/resolve/main/adapter_config.json "HTTP/1.1 307 Temporary Redirect"
2026-06-14 23:01:27,341 [INFO] HTTP Request: HEAD https://huggingface.co/cross-encoder/ms-marco-MiniLM-L6-v2/resolve/main/adapter_config.json "HTTP/1.1 404 Not Found"
2026-06-14 23:01:28,181 [INFO] HTTP Request: HEAD https://huggingface.co/cross-encoder/ms-marco-MiniLM-L-6-v2/resolve/main/config.json "HTTP/1.1 307 Temporary Redirect"
2026-06-14 23:01:28,664 [INFO] HTTP Request: HEAD https://huggingface.co/cross-encoder/ms-marco-MiniLM-L6-v2/resolve/main/config.json "HTTP/1.1 307 Temporary Redirect"
2026-06-14 23:01:28,949 [INFO] HTTP Request: HEAD https://huggingface.co/api/resolve-cache/models/cross-encoder/ms-marco-MiniLM-L6-v2/c5ee24cb16019beea0893ab7796b1df96625c6b8/config.json "HTTP/1.1 200 OK"
2026-06-14 23:01:29,805 [INFO] HTTP Request: HEAD https://huggingface.co/cross-encoder/ms-marco-MiniLM-L-6-v2/resolve/main/processor_config.json "HTTP/1.1 307 Temporary Redirect"
2026-06-14 23:01:30,130 [INFO] HTTP Request: HEAD https://huggingface.co/cross-encoder/ms-marco-MiniLM-L6-v2/resolve/main/processor_config.json "HTTP/1.1 404 Not Found"
2026-06-14 23:01:30,447 [INFO] HTTP Request: HEAD https://huggingface.co/cross-encoder/ms-marco-MiniLM-L-6-v2/resolve/main/preprocessor_config.json "HTTP/1.1 307 Temporary Redirect"
2026-06-14 23:01:30,767 [INFO] HTTP Request: HEAD https://huggingface.co/cross-encoder/ms-marco-MiniLM-L6-v2/resolve/main/preprocessor_config.json "HTTP/1.1 404 Not Found"
2026-06-14 23:01:31,087 [INFO] HTTP Request: HEAD https://huggingface.co/cross-encoder/ms-marco-MiniLM-L-6-v2/resolve/main/video_preprocessor_config.json "HTTP/1.1 307 Temporary Redirect"
2026-06-14 23:01:31,405 [INFO] HTTP Request: HEAD https://huggingface.co/cross-encoder/ms-marco-MiniLM-L6-v2/resolve/main/video_preprocessor_config.json "HTTP/1.1 404 Not Found"
2026-06-14 23:01:31,722 [INFO] HTTP Request: HEAD https://huggingface.co/cross-encoder/ms-marco-MiniLM-L-6-v2/resolve/main/preprocessor_config.json "HTTP/1.1 307 Temporary Redirect"
2026-06-14 23:01:32,041 [INFO] HTTP Request: HEAD https://huggingface.co/cross-encoder/ms-marco-MiniLM-L6-v2/resolve/main/preprocessor_config.json "HTTP/1.1 404 Not Found"
2026-06-14 23:01:32,356 [INFO] HTTP Request: HEAD https://huggingface.co/cross-encoder/ms-marco-MiniLM-L-6-v2/resolve/main/tokenizer_config.json "HTTP/1.1 307 Temporary Redirect"
2026-06-14 23:01:32,685 [INFO] HTTP Request: HEAD https://huggingface.co/cross-encoder/ms-marco-MiniLM-L6-v2/resolve/main/tokenizer_config.json "HTTP/1.1 307 Temporary Redirect"
2026-06-14 23:01:32,974 [INFO] HTTP Request: HEAD https://huggingface.co/api/resolve-cache/models/cross-encoder/ms-marco-MiniLM-L6-v2/c5ee24cb16019beea0893ab7796b1df96625c6b8/tokenizer_config.json "HTTP/1.1 200 OK"
2026-06-14 23:01:33,733 [INFO] HTTP Request: HEAD https://huggingface.co/cross-encoder/ms-marco-MiniLM-L-6-v2/resolve/main/config.json "HTTP/1.1 307 Temporary Redirect"
2026-06-14 23:01:34,050 [INFO] HTTP Request: HEAD https://huggingface.co/cross-encoder/ms-marco-MiniLM-L6-v2/resolve/main/config.json "HTTP/1.1 307 Temporary Redirect"
2026-06-14 23:01:34,333 [INFO] HTTP Request: HEAD https://huggingface.co/api/resolve-cache/models/cross-encoder/ms-marco-MiniLM-L6-v2/c5ee24cb16019beea0893ab7796b1df96625c6b8/config.json "HTTP/1.1 200 OK"
2026-06-14 23:01:34,650 [INFO] HTTP Request: HEAD https://huggingface.co/cross-encoder/ms-marco-MiniLM-L-6-v2/resolve/main/config.json "HTTP/1.1 307 Temporary Redirect"
2026-06-14 23:01:34,982 [INFO] HTTP Request: HEAD https://huggingface.co/cross-encoder/ms-marco-MiniLM-L6-v2/resolve/main/config.json "HTTP/1.1 307 Temporary Redirect"
2026-06-14 23:01:35,261 [INFO] HTTP Request: HEAD https://huggingface.co/api/resolve-cache/models/cross-encoder/ms-marco-MiniLM-L6-v2/c5ee24cb16019beea0893ab7796b1df96625c6b8/config.json "HTTP/1.1 200 OK"
2026-06-14 23:01:35,580 [INFO] HTTP Request: HEAD https://huggingface.co/cross-encoder/ms-marco-MiniLM-L-6-v2/resolve/main/tokenizer_config.json "HTTP/1.1 307 Temporary Redirect"
2026-06-14 23:01:35,894 [INFO] HTTP Request: HEAD https://huggingface.co/cross-encoder/ms-marco-MiniLM-L6-v2/resolve/main/tokenizer_config.json "HTTP/1.1 307 Temporary Redirect"
2026-06-14 23:01:36,173 [INFO] HTTP Request: HEAD https://huggingface.co/api/resolve-cache/models/cross-encoder/ms-marco-MiniLM-L6-v2/c5ee24cb16019beea0893ab7796b1df96625c6b8/tokenizer_config.json "HTTP/1.1 200 OK"
2026-06-14 23:01:36,494 [INFO] HTTP Request: GET https://huggingface.co/api/models/cross-encoder/ms-marco-MiniLM-L-6-v2/tree/main/additional_chat_templates?recursive=false&expand=false "HTTP/1.1 307 Temporary Redirect"
2026-06-14 23:01:37,018 [INFO] HTTP Request: GET https://huggingface.co/api/models/cross-encoder/ms-marco-MiniLM-L6-v2/tree/main/additional_chat_templates?recursive=false&expand=false "HTTP/1.1 404 Not Found"
2026-06-14 23:01:37,328 [INFO] HTTP Request: GET https://huggingface.co/api/models/cross-encoder/ms-marco-MiniLM-L-6-v2/tree/main?recursive=true&expand=false "HTTP/1.1 307 Temporary Redirect"
2026-06-14 23:01:37,660 [INFO] HTTP Request: GET https://huggingface.co/api/models/cross-encoder/ms-marco-MiniLM-L6-v2/tree/main?recursive=true&expand=false "HTTP/1.1 200 OK"
2026-06-14 23:01:37,969 [INFO] Starting server on http://127.0.0.1:8002
2026-06-14 23:02:55,250 [INFO] HTTP Request: POST http://127.0.0.1:11434/api/chat "HTTP/1.1 200 OK"
2026-06-14 23:03:05,310 [INFO] HTTP Request: POST http://127.0.0.1:11434/api/chat "HTTP/1.1 200 OK"
2026-06-14 23:03:23,225 [INFO] HTTP Request: POST http://127.0.0.1:11434/api/chat "HTTP/1.1 200 OK"
2026-06-14 23:04:50,918 [INFO] HTTP Request: POST http://127.0.0.1:11434/api/chat "HTTP/1.1 200 OK"
2026-06-14 23:05:08,716 [INFO] HTTP Request: POST http://127.0.0.1:11434/api/chat "HTTP/1.1 200 OK"
